<?xml version="1.0" encoding="UTF-8"?>
<coverage generated="1570214941">
  <project timestamp="1570214941">
    <package name="Cognetif\TinyImg">
      <file name="/Volumes/Samsung_T5/Workspace/perch-apps/perch-market/public/admin/addons/apps/cognetif_tinyimg/lib/TinyImg/CronManager.php">
        <class name="Cognetif\TinyImg\CronManager" namespace="Cognetif\TinyImg">
          <metrics complexity="7" methods="4" coveredmethods="0" conditionals="0" coveredconditionals="0" statements="48" coveredstatements="0" elements="52" coveredelements="0"/>
        </class>
        <line num="23" type="method" name="__construct" visibility="public" complexity="1" crap="2.00" count="0"/>
        <line num="24" type="stmt" count="0"/>
        <line num="25" type="stmt" count="0"/>
        <line num="26" type="stmt" count="0"/>
        <line num="27" type="stmt" count="0"/>
        <line num="28" type="stmt" count="0"/>
        <line num="29" type="stmt" count="0"/>
        <line num="30" type="stmt" count="0"/>
        <line num="31" type="stmt" count="0"/>
        <line num="32" type="stmt" count="0"/>
        <line num="33" type="stmt" count="0"/>
        <line num="34" type="stmt" count="0"/>
        <line num="36" type="stmt" count="0"/>
        <line num="38" type="method" name="registerTasks" visibility="public" complexity="2" crap="6.00" count="0"/>
        <line num="39" type="stmt" count="0"/>
        <line num="40" type="stmt" count="0"/>
        <line num="42" type="stmt" count="0"/>
        <line num="43" type="stmt" count="0"/>
        <line num="44" type="stmt" count="0"/>
        <line num="46" type="stmt" count="0"/>
        <line num="47" type="stmt" count="0"/>
        <line num="49" type="stmt" count="0"/>
        <line num="51" type="method" name="registerOptimizationTask" visibility="private" complexity="2" crap="6.00" count="0"/>
        <line num="52" type="stmt" count="0"/>
        <line num="53" type="stmt" count="0"/>
        <line num="56" type="stmt" count="0"/>
        <line num="57" type="stmt" count="0"/>
        <line num="59" type="stmt" count="0"/>
        <line num="60" type="stmt" count="0"/>
        <line num="61" type="stmt" count="0"/>
        <line num="62" type="stmt" count="0"/>
        <line num="63" type="stmt" count="0"/>
        <line num="65" type="stmt" count="0"/>
        <line num="66" type="stmt" count="0"/>
        <line num="67" type="stmt" count="0"/>
        <line num="68" type="stmt" count="0"/>
        <line num="69" type="stmt" count="0"/>
        <line num="70" type="stmt" count="0"/>
        <line num="72" type="method" name="registerCleaningTask" visibility="private" complexity="2" crap="6.00" count="0"/>
        <line num="73" type="stmt" count="0"/>
        <line num="75" type="stmt" count="0"/>
        <line num="76" type="stmt" count="0"/>
        <line num="77" type="stmt" count="0"/>
        <line num="78" type="stmt" count="0"/>
        <line num="79" type="stmt" count="0"/>
        <line num="80" type="stmt" count="0"/>
        <line num="82" type="stmt" count="0"/>
        <line num="83" type="stmt" count="0"/>
        <line num="84" type="stmt" count="0"/>
        <line num="85" type="stmt" count="0"/>
        <line num="86" type="stmt" count="0"/>
        <line num="87" type="stmt" count="0"/>
        <metrics loc="87" ncloc="84" classes="1" methods="4" coveredmethods="0" conditionals="0" coveredconditionals="0" statements="48" coveredstatements="0" elements="52" coveredelements="0"/>
      </file>
      <file name="/Volumes/Samsung_T5/Workspace/perch-apps/perch-market/public/admin/addons/apps/cognetif_tinyimg/lib/TinyImg/Job.php">
        <class name="Cognetif\TinyImg\Job" namespace="Cognetif\TinyImg" fullPackage="Cognetif" package="Cognetif">
          <metrics complexity="0" methods="0" coveredmethods="0" conditionals="0" coveredconditionals="0" statements="0" coveredstatements="0" elements="0" coveredelements="0"/>
        </class>
        <metrics loc="26" ncloc="10" classes="0" methods="0" coveredmethods="0" conditionals="0" coveredconditionals="0" statements="0" coveredstatements="0" elements="0" coveredelements="0"/>
      </file>
      <file name="/Volumes/Samsung_T5/Workspace/perch-apps/perch-market/public/admin/addons/apps/cognetif_tinyimg/lib/TinyImg/Manager.php">
        <class name="Cognetif\TinyImg\Manager" namespace="Cognetif\TinyImg">
          <metrics complexity="30" methods="11" coveredmethods="0" conditionals="0" coveredconditionals="0" statements="134" coveredstatements="0" elements="145" coveredelements="0"/>
        </class>
        <line num="23" type="method" name="__construct" visibility="public" complexity="1" crap="2.00" count="0"/>
        <line num="24" type="stmt" count="0"/>
        <line num="25" type="stmt" count="0"/>
        <line num="26" type="stmt" count="0"/>
        <line num="27" type="stmt" count="0"/>
        <line num="28" type="stmt" count="0"/>
        <line num="29" type="stmt" count="0"/>
        <line num="34" type="method" name="on_upload_image" visibility="public" complexity="2" crap="6.00" count="0"/>
        <line num="35" type="stmt" count="0"/>
        <line num="36" type="stmt" count="0"/>
        <line num="37" type="stmt" count="0"/>
        <line num="38" type="stmt" count="0"/>
        <line num="39" type="stmt" count="0"/>
        <line num="44" type="method" name="on_create" visibility="public" complexity="1" crap="2.00" count="0"/>
        <line num="45" type="stmt" count="0"/>
        <line num="46" type="stmt" count="0"/>
        <line num="47" type="stmt" count="0"/>
        <line num="53" type="method" name="run_queue" visibility="public" complexity="8" crap="72.00" count="0"/>
        <line num="54" type="stmt" count="0"/>
        <line num="56" type="stmt" count="0"/>
        <line num="57" type="stmt" count="0"/>
        <line num="59" type="stmt" count="0"/>
        <line num="61" type="stmt" count="0"/>
        <line num="62" type="stmt" count="0"/>
        <line num="63" type="stmt" count="0"/>
        <line num="65" type="stmt" count="0"/>
        <line num="66" type="stmt" count="0"/>
        <line num="67" type="stmt" count="0"/>
        <line num="68" type="stmt" count="0"/>
        <line num="69" type="stmt" count="0"/>
        <line num="71" type="stmt" count="0"/>
        <line num="74" type="stmt" count="0"/>
        <line num="76" type="stmt" count="0"/>
        <line num="78" type="stmt" count="0"/>
        <line num="79" type="stmt" count="0"/>
        <line num="81" type="stmt" count="0"/>
        <line num="83" type="stmt" count="0"/>
        <line num="85" type="stmt" count="0"/>
        <line num="86" type="stmt" count="0"/>
        <line num="88" type="stmt" count="0"/>
        <line num="89" type="stmt" count="0"/>
        <line num="90" type="stmt" count="0"/>
        <line num="91" type="stmt" count="0"/>
        <line num="92" type="stmt" count="0"/>
        <line num="93" type="stmt" count="0"/>
        <line num="95" type="stmt" count="0"/>
        <line num="96" type="stmt" count="0"/>
        <line num="97" type="stmt" count="0"/>
        <line num="98" type="stmt" count="0"/>
        <line num="99" type="stmt" count="0"/>
        <line num="101" type="stmt" count="0"/>
        <line num="103" type="stmt" count="0"/>
        <line num="104" type="stmt" count="0"/>
        <line num="106" type="stmt" count="0"/>
        <line num="107" type="stmt" count="0"/>
        <line num="108" type="stmt" count="0"/>
        <line num="109" type="stmt" count="0"/>
        <line num="111" type="stmt" count="0"/>
        <line num="112" type="stmt" count="0"/>
        <line num="114" type="stmt" count="0"/>
        <line num="115" type="stmt" count="0"/>
        <line num="117" type="stmt" count="0"/>
        <line num="119" type="stmt" count="0"/>
        <line num="120" type="stmt" count="0"/>
        <line num="126" type="method" name="requeue" visibility="public" complexity="3" crap="12.00" count="0"/>
        <line num="127" type="stmt" count="0"/>
        <line num="129" type="stmt" count="0"/>
        <line num="130" type="stmt" count="0"/>
        <line num="131" type="stmt" count="0"/>
        <line num="135" type="stmt" count="0"/>
        <line num="137" type="stmt" count="0"/>
        <line num="138" type="stmt" count="0"/>
        <line num="139" type="stmt" count="0"/>
        <line num="141" type="stmt" count="0"/>
        <line num="143" type="stmt" count="0"/>
        <line num="144" type="stmt" count="0"/>
        <line num="145" type="stmt" count="0"/>
        <line num="146" type="stmt" count="0"/>
        <line num="147" type="stmt" count="0"/>
        <line num="150" type="stmt" count="0"/>
        <line num="156" type="method" name="ignore" visibility="public" complexity="3" crap="12.00" count="0"/>
        <line num="157" type="stmt" count="0"/>
        <line num="158" type="stmt" count="0"/>
        <line num="159" type="stmt" count="0"/>
        <line num="160" type="stmt" count="0"/>
        <line num="164" type="stmt" count="0"/>
        <line num="166" type="stmt" count="0"/>
        <line num="167" type="stmt" count="0"/>
        <line num="168" type="stmt" count="0"/>
        <line num="170" type="stmt" count="0"/>
        <line num="171" type="stmt" count="0"/>
        <line num="172" type="stmt" count="0"/>
        <line num="173" type="stmt" count="0"/>
        <line num="180" type="method" name="clean_tinyimg_queue" visibility="public" complexity="4" crap="20.00" count="0"/>
        <line num="181" type="stmt" count="0"/>
        <line num="182" type="stmt" count="0"/>
        <line num="183" type="stmt" count="0"/>
        <line num="185" type="stmt" count="0"/>
        <line num="186" type="stmt" count="0"/>
        <line num="187" type="stmt" count="0"/>
        <line num="189" type="stmt" count="0"/>
        <line num="191" type="stmt" count="0"/>
        <line num="192" type="stmt" count="0"/>
        <line num="194" type="stmt" count="0"/>
        <line num="195" type="stmt" count="0"/>
        <line num="196" type="stmt" count="0"/>
        <line num="198" type="stmt" count="0"/>
        <line num="199" type="stmt" count="0"/>
        <line num="201" type="stmt" count="0"/>
        <line num="202" type="stmt" count="0"/>
        <line num="205" type="method" name="resetCount" visibility="private" complexity="1" crap="2.00" count="0"/>
        <line num="206" type="stmt" count="0"/>
        <line num="207" type="stmt" count="0"/>
        <line num="208" type="stmt" count="0"/>
        <line num="210" type="method" name="incCount" visibility="private" complexity="1" crap="2.00" count="0"/>
        <line num="211" type="stmt" count="0"/>
        <line num="212" type="stmt" count="0"/>
        <line num="213" type="stmt" count="0"/>
        <line num="218" type="method" name="requeue_all_error_working" visibility="public" complexity="5" crap="30.00" count="0"/>
        <line num="219" type="stmt" count="0"/>
        <line num="220" type="stmt" count="0"/>
        <line num="222" type="stmt" count="0"/>
        <line num="224" type="stmt" count="0"/>
        <line num="225" type="stmt" count="0"/>
        <line num="226" type="stmt" count="0"/>
        <line num="228" type="stmt" count="0"/>
        <line num="230" type="stmt" count="0"/>
        <line num="231" type="stmt" count="0"/>
        <line num="232" type="stmt" count="0"/>
        <line num="234" type="stmt" count="0"/>
        <line num="235" type="stmt" count="0"/>
        <line num="236" type="stmt" count="0"/>
        <line num="237" type="stmt" count="0"/>
        <line num="238" type="stmt" count="0"/>
        <line num="240" type="stmt" count="0"/>
        <line num="241" type="stmt" count="0"/>
        <line num="242" type="stmt" count="0"/>
        <line num="244" type="stmt" count="0"/>
        <line num="246" type="stmt" count="0"/>
        <line num="248" type="stmt" count="0"/>
        <line num="249" type="stmt" count="0"/>
        <line num="254" type="method" name="getRunCount" visibility="public" complexity="1" crap="2.00" count="0"/>
        <line num="255" type="stmt" count="0"/>
        <line num="256" type="stmt" count="0"/>
        <line num="257" type="stmt" count="0"/>
        <metrics loc="258" ncloc="223" classes="1" methods="11" coveredmethods="0" conditionals="0" coveredconditionals="0" statements="134" coveredstatements="0" elements="145" coveredelements="0"/>
      </file>
      <file name="/Volumes/Samsung_T5/Workspace/perch-apps/perch-market/public/admin/addons/apps/cognetif_tinyimg/lib/TinyImg/Queue.php">
        <class name="Cognetif\TinyImg\Queue" namespace="Cognetif\TinyImg">
          <metrics complexity="12" methods="6" coveredmethods="0" conditionals="0" coveredconditionals="0" statements="67" coveredstatements="0" elements="73" coveredelements="0"/>
        </class>
        <line num="34" type="method" name="__construct" visibility="public" complexity="1" crap="2.00" count="0"/>
        <line num="35" type="stmt" count="0"/>
        <line num="36" type="stmt" count="0"/>
        <line num="37" type="stmt" count="0"/>
        <line num="38" type="stmt" count="0"/>
        <line num="40" type="stmt" count="0"/>
        <line num="41" type="stmt" count="0"/>
        <line num="46" type="method" name="standard_restrictions" visibility="protected" complexity="1" crap="2.00" count="0"/>
        <line num="47" type="stmt" count="0"/>
        <line num="48" type="stmt" count="0"/>
        <line num="49" type="stmt" count="0"/>
        <line num="56" type="method" name="all" visibility="public" complexity="1" crap="2.00" count="0"/>
        <line num="57" type="stmt" count="0"/>
        <line num="58" type="stmt" count="0"/>
        <line num="60" type="stmt" count="0"/>
        <line num="61" type="stmt" count="0"/>
        <line num="67" type="method" name="getBatch" visibility="public" complexity="2" crap="6.00" count="0"/>
        <line num="68" type="stmt" count="0"/>
        <line num="69" type="stmt" count="0"/>
        <line num="70" type="stmt" count="0"/>
        <line num="71" type="stmt" count="0"/>
        <line num="72" type="stmt" count="0"/>
        <line num="73" type="stmt" count="0"/>
        <line num="74" type="stmt" count="0"/>
        <line num="76" type="stmt" count="0"/>
        <line num="77" type="stmt" count="0"/>
        <line num="79" type="method" name="detectInstallRequired" visibility="private" complexity="2" crap="6.00" count="0"/>
        <line num="80" type="stmt" count="0"/>
        <line num="81" type="stmt" count="0"/>
        <line num="82" type="stmt" count="0"/>
        <line num="83" type="stmt" count="0"/>
        <line num="84" type="stmt" count="0"/>
        <line num="85" type="stmt" count="0"/>
        <line num="87" type="stmt" count="0"/>
        <line num="93" type="method" name="createJobFromEvent" visibility="public" complexity="5" crap="30.00" count="0"/>
        <line num="94" type="stmt" count="0"/>
        <line num="96" type="stmt" count="0"/>
        <line num="97" type="stmt" count="0"/>
        <line num="99" type="stmt" count="0"/>
        <line num="101" type="stmt" count="0"/>
        <line num="103" type="stmt" count="0"/>
        <line num="104" type="stmt" count="0"/>
        <line num="105" type="stmt" count="0"/>
        <line num="106" type="stmt" count="0"/>
        <line num="107" type="stmt" count="0"/>
        <line num="108" type="stmt" count="0"/>
        <line num="111" type="stmt" count="0"/>
        <line num="113" type="stmt" count="0"/>
        <line num="114" type="stmt" count="0"/>
        <line num="115" type="stmt" count="0"/>
        <line num="117" type="stmt" count="0"/>
        <line num="118" type="stmt" count="0"/>
        <line num="119" type="stmt" count="0"/>
        <line num="122" type="stmt" count="0"/>
        <line num="124" type="stmt" count="0"/>
        <line num="125" type="stmt" count="0"/>
        <line num="126" type="stmt" count="0"/>
        <line num="127" type="stmt" count="0"/>
        <line num="129" type="stmt" count="0"/>
        <line num="131" type="stmt" count="0"/>
        <line num="132" type="stmt" count="0"/>
        <line num="133" type="stmt" count="0"/>
        <line num="134" type="stmt" count="0"/>
        <line num="135" type="stmt" count="0"/>
        <line num="137" type="stmt" count="0"/>
        <line num="139" type="stmt" count="0"/>
        <line num="140" type="stmt" count="0"/>
        <line num="142" type="stmt" count="0"/>
        <line num="143" type="stmt" count="0"/>
        <line num="144" type="stmt" count="0"/>
        <line num="145" type="stmt" count="0"/>
        <line num="146" type="stmt" count="0"/>
        <line num="148" type="stmt" count="0"/>
        <metrics loc="148" ncloc="124" classes="1" methods="6" coveredmethods="0" conditionals="0" coveredconditionals="0" statements="67" coveredstatements="0" elements="73" coveredelements="0"/>
      </file>
      <file name="/Volumes/Samsung_T5/Workspace/perch-apps/perch-market/public/admin/addons/apps/cognetif_tinyimg/lib/TinyImg/RunLog.php">
        <class name="Cognetif\TinyImg\RunLog" namespace="Cognetif\TinyImg">
          <metrics complexity="0" methods="0" coveredmethods="0" conditionals="0" coveredconditionals="0" statements="0" coveredstatements="0" elements="0" coveredelements="0"/>
        </class>
        <metrics loc="8" ncloc="8" classes="0" methods="0" coveredmethods="0" conditionals="0" coveredconditionals="0" statements="0" coveredstatements="0" elements="0" coveredelements="0"/>
      </file>
      <file name="/Volumes/Samsung_T5/Workspace/perch-apps/perch-market/public/admin/addons/apps/cognetif_tinyimg/lib/TinyImg/RunLogger.php">
        <class name="Cognetif\TinyImg\RunLogger" namespace="Cognetif\TinyImg">
          <metrics complexity="7" methods="5" coveredmethods="0" conditionals="0" coveredconditionals="0" statements="25" coveredstatements="0" elements="30" coveredelements="0"/>
        </class>
        <line num="22" type="method" name="__construct" visibility="public" complexity="1" crap="2.00" count="0"/>
        <line num="23" type="stmt" count="0"/>
        <line num="24" type="stmt" count="0"/>
        <line num="25" type="stmt" count="0"/>
        <line num="30" type="method" name="standard_restrictions" visibility="protected" complexity="1" crap="2.00" count="0"/>
        <line num="31" type="stmt" count="0"/>
        <line num="32" type="stmt" count="0"/>
        <line num="33" type="stmt" count="0"/>
        <line num="40" type="method" name="all" visibility="public" complexity="1" crap="2.00" count="0"/>
        <line num="41" type="stmt" count="0"/>
        <line num="42" type="stmt" count="0"/>
        <line num="44" type="stmt" count="0"/>
        <line num="45" type="stmt" count="0"/>
        <line num="48" type="method" name="detectInstallRequired" visibility="private" complexity="2" crap="6.00" count="0"/>
        <line num="49" type="stmt" count="0"/>
        <line num="50" type="stmt" count="0"/>
        <line num="51" type="stmt" count="0"/>
        <line num="52" type="stmt" count="0"/>
        <line num="53" type="stmt" count="0"/>
        <line num="54" type="stmt" count="0"/>
        <line num="56" type="stmt" count="0"/>
        <line num="58" type="method" name="log" visibility="public" complexity="2" crap="6.00" count="0"/>
        <line num="59" type="stmt" count="0"/>
        <line num="61" type="stmt" count="0"/>
        <line num="63" type="stmt" count="0"/>
        <line num="64" type="stmt" count="0"/>
        <line num="65" type="stmt" count="0"/>
        <line num="66" type="stmt" count="0"/>
        <line num="68" type="stmt" count="0"/>
        <line num="70" type="stmt" count="0"/>
        <metrics loc="71" ncloc="60" classes="1" methods="5" coveredmethods="0" conditionals="0" coveredconditionals="0" statements="25" coveredstatements="0" elements="30" coveredelements="0"/>
      </file>
      <file name="/Volumes/Samsung_T5/Workspace/perch-apps/perch-market/public/admin/addons/apps/cognetif_tinyimg/lib/TinyImg/TinyApi.php">
        <class name="Cognetif\TinyImg\TinyApi" namespace="Cognetif\TinyImg">
          <metrics complexity="2" methods="2" coveredmethods="2" conditionals="0" coveredconditionals="0" statements="5" coveredstatements="5" elements="7" coveredelements="7"/>
        </class>
        <line num="14" type="method" name="__construct" visibility="public" complexity="1" crap="1" count="1"/>
        <line num="15" type="stmt" count="1"/>
        <line num="16" type="stmt" count="1"/>
        <line num="22" type="method" name="tinifyImage" visibility="public" complexity="1" crap="1" count="1"/>
        <line num="24" type="stmt" count="1"/>
        <line num="25" type="stmt" count="1"/>
        <line num="26" type="stmt" count="1"/>
        <metrics loc="27" ncloc="22" classes="1" methods="2" coveredmethods="2" conditionals="0" coveredconditionals="0" statements="5" coveredstatements="5" elements="7" coveredelements="7"/>
      </file>
    </package>
    <package name="Cognetif\TinyImg\Exceptions">
      <file name="/Volumes/Samsung_T5/Workspace/perch-apps/perch-market/public/admin/addons/apps/cognetif_tinyimg/lib/TinyImg/Exceptions/InvalidValueException.php">
        <class name="Cognetif\TinyImg\Exceptions\InvalidValueException" namespace="Cognetif\TinyImg\Exceptions">
          <metrics complexity="0" methods="0" coveredmethods="0" conditionals="0" coveredconditionals="0" statements="0" coveredstatements="0" elements="0" coveredelements="0"/>
        </class>
        <metrics loc="4" ncloc="4" classes="0" methods="0" coveredmethods="0" conditionals="0" coveredconditionals="0" statements="0" coveredstatements="0" elements="0" coveredelements="0"/>
      </file>
    </package>
    <package name="Cognetif\TinyImg\Traits">
      <file name="/Volumes/Samsung_T5/Workspace/perch-apps/perch-market/public/admin/addons/apps/cognetif_tinyimg/lib/TinyImg/Traits/ConfigurableTrait.php">
        <class name="ConfigurableTrait" namespace="Cognetif\TinyImg\Traits">
          <metrics complexity="10" methods="7" coveredmethods="1" conditionals="0" coveredconditionals="0" statements="13" coveredstatements="1" elements="20" coveredelements="2"/>
        </class>
        <line num="15" type="method" name="config" visibility="protected" complexity="1" crap="1" count="1"/>
        <line num="17" type="stmt" count="1"/>
        <line num="24" type="method" name="getBoolConfig" visibility="private" complexity="2" crap="6.00" count="0"/>
        <line num="26" type="stmt" count="0"/>
        <line num="27" type="stmt" count="0"/>
        <line num="29" type="stmt" count="0"/>
        <line num="37" type="method" name="getIntConfig" visibility="private" complexity="2" crap="6.00" count="0"/>
        <line num="39" type="stmt" count="0"/>
        <line num="40" type="stmt" count="0"/>
        <line num="43" type="stmt" count="0"/>
        <line num="50" type="method" name="configBatchSize" visibility="protected" complexity="2" crap="6.00" count="0"/>
        <line num="53" type="stmt" count="0"/>
        <line num="54" type="stmt" count="0"/>
        <line num="55" type="stmt" count="0"/>
        <line num="62" type="method" name="configIsDevMode" visibility="protected" complexity="1" crap="2.00" count="0"/>
        <line num="64" type="stmt" count="0"/>
        <line num="70" type="method" name="configIsProdMode" visibility="protected" complexity="1" crap="2.00" count="0"/>
        <line num="72" type="stmt" count="0"/>
        <line num="78" type="method" name="configCompressOriginal" visibility="protected" complexity="1" crap="2.00" count="0"/>
        <line num="80" type="stmt" count="0"/>
        <metrics loc="81" ncloc="57" classes="1" methods="7" coveredmethods="1" conditionals="0" coveredconditionals="0" statements="13" coveredstatements="1" elements="20" coveredelements="2"/>
      </file>
      <file name="/Volumes/Samsung_T5/Workspace/perch-apps/perch-market/public/admin/addons/apps/cognetif_tinyimg/lib/TinyImg/Traits/PerchTrait.php">
        <class name="PerchTrait" namespace="Cognetif\TinyImg\Traits">
          <metrics complexity="6" methods="6" coveredmethods="0" conditionals="0" coveredconditionals="0" statements="12" coveredstatements="0" elements="18" coveredelements="0"/>
        </class>
        <line num="16" type="method" name="debugLog" visibility="protected" complexity="1" crap="2.00" count="0"/>
        <line num="17" type="stmt" count="0"/>
        <line num="18" type="stmt" count="0"/>
        <line num="20" type="method" name="debugError" visibility="protected" complexity="1" crap="2.00" count="0"/>
        <line num="21" type="stmt" count="0"/>
        <line num="22" type="stmt" count="0"/>
        <line num="24" type="method" name="debugTemplate" visibility="protected" complexity="1" crap="2.00" count="0"/>
        <line num="25" type="stmt" count="0"/>
        <line num="26" type="stmt" count="0"/>
        <line num="28" type="method" name="debugDb" visibility="protected" complexity="1" crap="2.00" count="0"/>
        <line num="29" type="stmt" count="0"/>
        <line num="30" type="stmt" count="0"/>
        <line num="32" type="method" name="debugRoute" visibility="protected" complexity="1" crap="2.00" count="0"/>
        <line num="33" type="stmt" count="0"/>
        <line num="34" type="stmt" count="0"/>
        <line num="37" type="method" name="debug" visibility="private" complexity="1" crap="2.00" count="0"/>
        <line num="38" type="stmt" count="0"/>
        <line num="39" type="stmt" count="0"/>
        <metrics loc="39" ncloc="36" classes="1" methods="6" coveredmethods="0" conditionals="0" coveredconditionals="0" statements="12" coveredstatements="0" elements="18" coveredelements="0"/>
      </file>
    </package>
    <package name="Cognetif\TinyImg\Util">
      <file name="/Volumes/Samsung_T5/Workspace/perch-apps/perch-market/public/admin/addons/apps/cognetif_tinyimg/lib/TinyImg/Util/Icon.php">
        <class name="Cognetif\TinyImg\Util\Icon" namespace="Cognetif\TinyImg\Util">
          <metrics complexity="7" methods="4" coveredmethods="4" conditionals="0" coveredconditionals="0" statements="18" coveredstatements="18" elements="22" coveredelements="22"/>
        </class>
        <line num="13" type="method" name="__construct" visibility="public" complexity="1" crap="1" count="5"/>
        <line num="15" type="stmt" count="5"/>
        <line num="16" type="stmt" count="5"/>
        <line num="23" type="method" name="get" visibility="public" complexity="2" crap="2" count="5"/>
        <line num="25" type="stmt" count="5"/>
        <line num="26" type="stmt" count="4"/>
        <line num="29" type="stmt" count="1"/>
        <line num="38" type="method" name="renderIcon" visibility="private" complexity="1" crap="1" count="4"/>
        <line num="40" type="stmt" count="4"/>
        <line num="42" type="stmt" count="4"/>
        <line num="43" type="stmt" count="4"/>
        <line num="44" type="stmt" count="4"/>
        <line num="45" type="stmt" count="4"/>
        <line num="46" type="stmt" count="4"/>
        <line num="57" type="method" name="getOptionAttribute" visibility="private" complexity="3" crap="3" count="4"/>
        <line num="60" type="stmt" count="4"/>
        <line num="62" type="stmt" count="4"/>
        <line num="63" type="stmt" count="3"/>
        <line num="64" type="stmt" count="2"/>
        <line num="65" type="stmt" count="2"/>
        <line num="67" type="stmt" count="2"/>
        <line num="70" type="stmt" count="4"/>
        <metrics loc="72" ncloc="52" classes="1" methods="4" coveredmethods="4" conditionals="0" coveredconditionals="0" statements="18" coveredstatements="18" elements="22" coveredelements="22"/>
      </file>
      <file name="/Volumes/Samsung_T5/Workspace/perch-apps/perch-market/public/admin/addons/apps/cognetif_tinyimg/lib/TinyImg/Util/SettingHelper.php">
        <class name="Cognetif\TinyImg\Util\SettingHelper" namespace="Cognetif\TinyImg\Util">
          <metrics complexity="2" methods="2" coveredmethods="2" conditionals="0" coveredconditionals="0" statements="3" coveredstatements="3" elements="5" coveredelements="5"/>
        </class>
        <line num="14" type="method" name="__construct" visibility="public" complexity="1" crap="1" count="1"/>
        <line num="15" type="stmt" count="1"/>
        <line num="16" type="stmt" count="1"/>
        <line num="22" type="method" name="get" visibility="public" complexity="1" crap="1" count="1"/>
        <line num="24" type="stmt" count="1"/>
        <metrics loc="26" ncloc="21" classes="1" methods="2" coveredmethods="2" conditionals="0" coveredconditionals="0" statements="3" coveredstatements="3" elements="5" coveredelements="5"/>
      </file>
    </package>
    <metrics files="12" loc="847" ncloc="701" classes="9" methods="47" coveredmethods="9" conditionals="0" coveredconditionals="0" statements="325" coveredstatements="27" elements="372" coveredelements="36"/>
  </project>
</coverage>
